2014-05-17 23:18:26.811 Tetris[10212:70b] Multi-tasking -> Device: YES, App: YES
2014-05-17 23:18:26.884 Tetris[10212:70b] Fix applied for database locations?: YES
2014-05-17 23:18:27.437 Tetris[10212:70b] Resetting plugins due to page load.
2014-05-17 23:18:27.503 Tetris[10212:3f03] ERROR whitelist rejection: url='http://fonts.googleapis.com/css?family=Lato'
2014-05-17 23:18:27.503 Tetris[10212:3f03] ERROR whitelist rejection: url='http://fonts.googleapis.com/css?family=Lato'
2014-05-17 23:18:27.505 Tetris[10212:3f03] ERROR whitelist rejection: url='http://fonts.googleapis.com/css?family=Lato'
2014-05-17 23:18:27.581 Tetris[10212:70b] Finished load of: file:///Users/jinkwonlee/Library/Application%20Support/iPhone%20Simulator/7.1/Applications/4651920B-6408-4F62-9D48-46D0CD18A118/Tetris.app/www/index.html
>>>> frameSizeChanged = 4096
>>>> frameSizeChanged = 4096
2014-05-17 23:18:29.297 Tetris[10212:3f03] ERROR whitelist rejection: url='http://localhost:8888/socket.io/1/?t=1400336309296'
2014-05-17 23:18:29.298 Tetris[10212:3f03] ERROR whitelist rejection: url='http://localhost:8888/socket.io/1/?t=1400336309296'
2014-05-17 23:18:29.299 Tetris[10212:3f03] ERROR whitelist rejection: url='http://localhost:8888/socket.io/1/?t=1400336309296'
2014-05-17 23:18:29.515 Tetris[10212:70b] setting movie path: 
2014-05-17 23:23:00.687 Tetris[11587:70b] Multi-tasking -> Device: YES, App: YES
2014-05-17 23:23:01.007 Tetris[11587:70b] Resetting plugins due to page load.
2014-05-17 23:23:01.061 Tetris[11587:3f03] ERROR whitelist rejection: url='http://fonts.googleapis.com/css?family=Lato'
2014-05-17 23:23:01.062 Tetris[11587:3f03] ERROR whitelist rejection: url='http://fonts.googleapis.com/css?family=Lato'
2014-05-17 23:23:01.063 Tetris[11587:3f03] ERROR whitelist rejection: url='http://fonts.googleapis.com/css?family=Lato'
2014-05-17 23:23:01.097 Tetris[11587:70b] Finished load of: file:///Users/jinkwonlee/Library/Application%20Support/iPhone%20Simulator/7.1/Applications/4651920B-6408-4F62-9D48-46D0CD18A118/Tetris.app/www/index.html
>>>> frameSizeChanged = 4096
>>>> frameSizeChanged = 4096
2014-05-17 23:23:02.696 Tetris[11587:3f03] ERROR whitelist rejection: url='http://localhost:8888/socket.io/1/?t=1400336582695'
2014-05-17 23:23:02.697 Tetris[11587:3f03] ERROR whitelist rejection: url='http://localhost:8888/socket.io/1/?t=1400336582695'
2014-05-17 23:23:02.697 Tetris[11587:3f03] ERROR whitelist rejection: url='http://localhost:8888/socket.io/1/?t=1400336582695'
2014-05-17 23:23:02.765 Tetris[11587:70b] setting movie path: 
2014-05-17 23:23:18.842 Tetris[11587:3f03] ERROR whitelist rejection: url='http://localhost:8888/socket.io/1/?t=1400336598841'
2014-05-17 23:23:18.843 Tetris[11587:3f03] ERROR whitelist rejection: url='http://localhost:8888/socket.io/1/?t=1400336598841'
2014-05-17 23:23:18.843 Tetris[11587:3f03] ERROR whitelist rejection: url='http://localhost:8888/socket.io/1/?t=1400336598841'
2014-05-17 23:23:21.680 Tetris[11587:3f03] ERROR whitelist rejection: url='http://localhost:8888/socket.io/1/?t=1400336601679'
2014-05-17 23:23:21.680 Tetris[11587:3f03] ERROR whitelist rejection: url='http://localhost:8888/socket.io/1/?t=1400336601679'
2014-05-17 23:23:21.680 Tetris[11587:3f03] ERROR whitelist rejection: url='http://localhost:8888/socket.io/1/?t=1400336601679'
2014-05-17 23:23:23.812 Tetris[11587:3f03] ERROR whitelist rejection: url='http://localhost:8888/socket.io/1/?t=1400336603811'
2014-05-17 23:23:23.813 Tetris[11587:3f03] ERROR whitelist rejection: url='http://localhost:8888/socket.io/1/?t=1400336603811'
2014-05-17 23:23:23.813 Tetris[11587:3f03] ERROR whitelist rejection: url='http://localhost:8888/socket.io/1/?t=1400336603811'
2014-05-17 23:23:26.465 Tetris[11587:3f03] ERROR whitelist rejection: url='http://localhost:8888/socket.io/1/?t=1400336606464'
2014-05-17 23:23:26.465 Tetris[11587:3f03] ERROR whitelist rejection: url='http://localhost:8888/socket.io/1/?t=1400336606464'
2014-05-17 23:23:26.466 Tetris[11587:3f03] ERROR whitelist rejection: url='http://localhost:8888/socket.io/1/?t=1400336606464'
2014-05-17 23:23:50.352 Tetris[11587:3f03] ERROR whitelist rejection: url='http://localhost:8888/socket.io/1/?t=1400336630351'
2014-05-17 23:23:50.352 Tetris[11587:3f03] ERROR whitelist rejection: url='http://localhost:8888/socket.io/1/?t=1400336630351'
2014-05-17 23:23:50.353 Tetris[11587:3f03] ERROR whitelist rejection: url='http://localhost:8888/socket.io/1/?t=1400336630351'
2014-05-17 23:23:52.623 Tetris[11587:3f03] ERROR whitelist rejection: url='http://localhost:8888/socket.io/1/?t=1400336632622'
2014-05-17 23:23:52.623 Tetris[11587:3f03] ERROR whitelist rejection: url='http://localhost:8888/socket.io/1/?t=1400336632622'
2014-05-17 23:23:52.624 Tetris[11587:3f03] ERROR whitelist rejection: url='http://localhost:8888/socket.io/1/?t=1400336632622'
2014-05-17 23:23:54.655 Tetris[11587:3f03] ERROR whitelist rejection: url='http://localhost:8888/socket.io/1/?t=1400336634654'
2014-05-17 23:23:54.655 Tetris[11587:3f03] ERROR whitelist rejection: url='http://localhost:8888/socket.io/1/?t=1400336634654'
2014-05-17 23:23:54.655 Tetris[11587:3f03] ERROR whitelist rejection: url='http://localhost:8888/socket.io/1/?t=1400336634654'
2014-05-17 23:24:08.420 Tetris[11587:3f03] ERROR whitelist rejection: url='http://localhost:8888/socket.io/1/?t=1400336648419'
2014-05-17 23:24:08.421 Tetris[11587:3f03] ERROR whitelist rejection: url='http://localhost:8888/socket.io/1/?t=1400336648419'
2014-05-17 23:24:08.422 Tetris[11587:3f03] ERROR whitelist rejection: url='http://localhost:8888/socket.io/1/?t=1400336648419'
2014-05-17 23:24:28.317 Tetris[11587:3f03] void SendDelegateMessage(NSInvocation *): delegate (webView:runJavaScriptAlertPanelWithMessage:initiatedByFrame:) failed to return after waiting 10 seconds. main run loop mode: kCFRunLoopDefaultMode
2014-05-17 23:24:30.375 Tetris[11587:3f03] ERROR whitelist rejection: url='http://localhost:8888/socket.io/1/?t=1400336670374'
2014-05-17 23:24:30.375 Tetris[11587:3f03] ERROR whitelist rejection: url='http://localhost:8888/socket.io/1/?t=1400336670374'
2014-05-17 23:24:30.375 Tetris[11587:3f03] ERROR whitelist rejection: url='http://localhost:8888/socket.io/1/?t=1400336670374'
2014-05-17 23:26:09.753 Tetris[12973:70b] Multi-tasking -> Device: YES, App: YES
2014-05-17 23:26:09.995 Tetris[12973:70b] Resetting plugins due to page load.
2014-05-17 23:26:10.051 Tetris[12973:3f03] ERROR whitelist rejection: url='http://fonts.googleapis.com/css?family=Lato'
2014-05-17 23:26:10.052 Tetris[12973:3f03] ERROR whitelist rejection: url='http://fonts.googleapis.com/css?family=Lato'
2014-05-17 23:26:10.053 Tetris[12973:3f03] ERROR whitelist rejection: url='http://fonts.googleapis.com/css?family=Lato'
2014-05-17 23:26:10.089 Tetris[12973:70b] Finished load of: file:///Users/jinkwonlee/Library/Application%20Support/iPhone%20Simulator/7.1/Applications/4651920B-6408-4F62-9D48-46D0CD18A118/Tetris.app/www/index.html
>>>> frameSizeChanged = 4096
>>>> frameSizeChanged = 4096
2014-05-17 23:26:11.460 Tetris[12973:3f03] ERROR whitelist rejection: url='http://localhost:8888/socket.io/1/?t=1400336771459'
2014-05-17 23:26:11.461 Tetris[12973:3f03] ERROR whitelist rejection: url='http://localhost:8888/socket.io/1/?t=1400336771459'
2014-05-17 23:26:11.462 Tetris[12973:3f03] ERROR whitelist rejection: url='http://localhost:8888/socket.io/1/?t=1400336771459'
2014-05-17 23:26:11.563 Tetris[12973:70b] setting movie path: 
2014-05-17 23:26:18.869 Tetris[12973:3f03] ERROR whitelist rejection: url='http://localhost:8888/socket.io/1/?t=1400336778866'
2014-05-17 23:26:18.870 Tetris[12973:3f03] ERROR whitelist rejection: url='http://localhost:8888/socket.io/1/?t=1400336778866'
2014-05-17 23:26:18.871 Tetris[12973:3f03] ERROR whitelist rejection: url='http://localhost:8888/socket.io/1/?t=1400336778866'
2014-05-17 23:26:24.246 Tetris[12973:3f03] ERROR whitelist rejection: url='http://localhost:8888/socket.io/1/?t=1400336784245'
2014-05-17 23:26:24.247 Tetris[12973:3f03] ERROR whitelist rejection: url='http://localhost:8888/socket.io/1/?t=1400336784245'
2014-05-17 23:26:24.247 Tetris[12973:3f03] ERROR whitelist rejection: url='http://localhost:8888/socket.io/1/?t=1400336784245'
2014-05-17 23:28:44.047 Tetris[14296:70b] Multi-tasking -> Device: YES, App: YES
2014-05-17 23:28:44.286 Tetris[14296:70b] Resetting plugins due to page load.
2014-05-17 23:28:44.320 Tetris[14296:3f03] ERROR whitelist rejection: url='http://fonts.googleapis.com/css?family=Lato'
2014-05-17 23:28:44.320 Tetris[14296:3f03] ERROR whitelist rejection: url='http://fonts.googleapis.com/css?family=Lato'
2014-05-17 23:28:44.321 Tetris[14296:3f03] ERROR whitelist rejection: url='http://fonts.googleapis.com/css?family=Lato'
2014-05-17 23:28:44.347 Tetris[14296:70b] Finished load of: file:///Users/jinkwonlee/Library/Application%20Support/iPhone%20Simulator/7.1/Applications/4651920B-6408-4F62-9D48-46D0CD18A118/Tetris.app/www/index.html
>>>> frameSizeChanged = 4096
>>>> frameSizeChanged = 4096
2014-05-17 23:28:44.660 Tetris[14296:3f03] ERROR whitelist rejection: url='http://localhost:8888/socket.io/1/?t=1400336924659'
2014-05-17 23:28:44.661 Tetris[14296:3f03] ERROR whitelist rejection: url='http://localhost:8888/socket.io/1/?t=1400336924659'
2014-05-17 23:28:44.662 Tetris[14296:3f03] ERROR whitelist rejection: url='http://localhost:8888/socket.io/1/?t=1400336924659'
2014-05-17 23:28:44.747 Tetris[14296:70b] setting movie path: 
2014-05-17 23:31:10.290 Tetris[15638:70b] Multi-tasking -> Device: YES, App: YES
2014-05-17 23:31:10.304 Tetris[15638:70b] Unlimited access to network resources
2014-05-17 23:31:10.506 Tetris[15638:70b] Resetting plugins due to page load.
2014-05-17 23:31:10.742 Tetris[15638:70b] Finished load of: file:///Users/jinkwonlee/Library/Application%20Support/iPhone%20Simulator/7.1/Applications/4651920B-6408-4F62-9D48-46D0CD18A118/Tetris.app/www/index.html
>>>> frameSizeChanged = 4096
>>>> frameSizeChanged = 4096
2014-05-17 23:31:11.578 Tetris[15638:70b] setting movie path: 
2014-05-17 23:32:09.270 Tetris[15638:70b] Unbalanced calls to begin/end appearance transitions for <_UIFallbackPresentationViewController: 0xa5a0000>.
May 17 23:32:19 Jinkwon-ui-MacBook-Air.local Tetris[15638] <Error>: CGImageCreate: invalid image size: 0 x 0.
2014-05-18 00:35:31.024 Tetris[18028:70b] Multi-tasking -> Device: YES, App: YES
2014-05-18 00:35:31.072 Tetris[18028:70b] Unlimited access to network resources
2014-05-18 00:35:31.775 Tetris[18028:70b] Resetting plugins due to page load.
2014-05-18 00:35:32.084 Tetris[18028:70b] Finished load of: file:///Users/jinkwonlee/Library/Application%20Support/iPhone%20Simulator/7.1/Applications/4651920B-6408-4F62-9D48-46D0CD18A118/Tetris.app/www/index.html
>>>> frameSizeChanged = 4096
>>>> frameSizeChanged = 4096
2014-05-18 00:35:34.038 Tetris[18028:70b] setting movie path: 
